<?xml version="1.0" encoding="UTF-8"?>
<testsuite xmlns:xsi="http://www.w3.org/2001/XMLSchema-instance" xsi:noNamespaceSchemaLocation="https://maven.apache.org/surefire/maven-surefire-plugin/xsd/surefire-test-report-3.0.xsd" version="3.0" name="be.vives.ti.barnespizza.controller.OrderControllerTest" time="1.401" tests="13" errors="0" skipped="0" failures="0">
  <properties>
[...]
</properties>
  <testcase name="createOrderNoAccount" classname="be.vives.ti.barnespizza.controller.OrderControllerTest" time="0.056">
    <system-out><![CDATA[2023-12-24T01:11:43.860+01:00  INFO 3344 --- [           main] t.c.s.AnnotationConfigContextLoaderUtils : Could not detect default configuration classes for test class [be.vives.ti.barnespizza.controller.OrderControllerTest]: OrderControllerTest does not declare any static, non-private, non-final, nested classes annotated with @Configuration.
2023-12-24T01:11:43.868+01:00  INFO 3344 --- [           main] .b.t.c.SpringBootTestContextBootstrapper : Found @SpringBootConfiguration be.vives.ti.barnespizza.BarnesPizzaApplication for test class be.vives.ti.barnespizza.controller.OrderControllerTest

  .   ____          _            __ _ _
 /\\ / ___'_ __ _ _(_)_ __  __ _ \ \ \ \
( ( )\___ | '_ | '_| | '_ \/ _` | \ \ \ \
 \\/  ___)| |_)| | | | | || (_| |  ) ) ) )
  '  |____| .__|_| |_|_| |_\__, | / / / /
 =========|_|==============|___/=/_/_/_/
 :: Spring Boot ::                (v3.1.5)

2023-12-24T01:11:43.905+01:00  INFO 3344 --- [           main] b.v.t.b.controller.OrderControllerTest   : Starting OrderControllerTest using Java 21.0.1 with PID 3344 (started by BryanKesteloot in C:\Users\bryan\Documents\Vives\Jaar 2 Bachelor\Java backend\Bryan_Kesteloot_BarnesPizza\barnes-pizza)
2023-12-24T01:11:43.905+01:00  INFO 3344 --- [           main] b.v.t.b.controller.OrderControllerTest   : The following 1 profile is active: "development"
2023-12-24T01:11:44.931+01:00  INFO 3344 --- [           main] o.s.b.t.m.w.SpringBootMockServletContext : Initializing Spring TestDispatcherServlet ''
2023-12-24T01:11:44.932+01:00  INFO 3344 --- [           main] o.s.t.web.servlet.TestDispatcherServlet  : Initializing Servlet ''
2023-12-24T01:11:44.932+01:00  INFO 3344 --- [           main] o.s.t.web.servlet.TestDispatcherServlet  : Completed initialization in 0 ms
2023-12-24T01:11:44.953+01:00  INFO 3344 --- [           main] b.v.t.b.controller.OrderControllerTest   : Started OrderControllerTest in 1.079 seconds (process running for 16.356)

MockHttpServletRequest:
      HTTP Method = POST
      Request URI = /order/create
       Parameters = {}
          Headers = [Content-Type:"application/json;charset=UTF-8", Content-Length:"104"]
             Body = {"accountId":1,"pizzas":[{"pizzaId":1,"pizzaSize":null,"amount":2}],"beverages":null,"address":"Straat"}
    Session Attrs = {}

Handler:
             Type = be.vives.ti.barnespizza.controller.OrderController
           Method = be.vives.ti.barnespizza.controller.OrderController#createOrder(OrderCreateRequest)

Async:
    Async started = false
     Async result = null

Resolved Exception:
             Type = null

ModelAndView:
        View name = null
             View = null
            Model = null

FlashMap:
       Attributes = null

MockHttpServletResponse:
           Status = 400
    Error message = null
          Headers = [Vary:"Origin", "Access-Control-Request-Method", "Access-Control-Request-Headers"]
     Content type = null
             Body = 
    Forwarded URL = null
   Redirected URL = null
          Cookies = []
]]></system-out>
  </testcase>
  <testcase name="createOrderNoAddress" classname="be.vives.ti.barnespizza.controller.OrderControllerTest" time="0.009">
    <system-out><![CDATA[
MockHttpServletRequest:
      HTTP Method = POST
      Request URI = /order/create
       Parameters = {}
          Headers = [Content-Type:"application/json;charset=UTF-8", Content-Length:"100"]
             Body = {"accountId":1,"pizzas":[{"pizzaId":1,"pizzaSize":null,"amount":2}],"beverages":null,"address":null}
    Session Attrs = {}

Handler:
             Type = be.vives.ti.barnespizza.controller.OrderController
           Method = be.vives.ti.barnespizza.controller.OrderController#createOrder(OrderCreateRequest)

Async:
    Async started = false
     Async result = null

Resolved Exception:
             Type = null

ModelAndView:
        View name = null
             View = null
            Model = null

FlashMap:
       Attributes = null

MockHttpServletResponse:
           Status = 400
    Error message = null
          Headers = [Vary:"Origin", "Access-Control-Request-Method", "Access-Control-Request-Headers"]
     Content type = null
             Body = 
    Forwarded URL = null
   Redirected URL = null
          Cookies = []
]]></system-out>
  </testcase>
  <testcase name="deleteOrder" classname="be.vives.ti.barnespizza.controller.OrderControllerTest" time="0.01">
    <system-out><![CDATA[
MockHttpServletRequest:
      HTTP Method = DELETE
      Request URI = /order/delete/1
       Parameters = {}
          Headers = [Content-Type:"application/json;charset=UTF-8"]
             Body = null
    Session Attrs = {}

Handler:
             Type = be.vives.ti.barnespizza.controller.OrderController
           Method = be.vives.ti.barnespizza.controller.OrderController#deleteOrder(Integer)

Async:
    Async started = false
     Async result = null

Resolved Exception:
             Type = null

ModelAndView:
        View name = null
             View = null
            Model = null

FlashMap:
       Attributes = null

MockHttpServletResponse:
           Status = 204
    Error message = null
          Headers = [Vary:"Origin", "Access-Control-Request-Method", "Access-Control-Request-Headers"]
     Content type = null
             Body = 
    Forwarded URL = null
   Redirected URL = null
          Cookies = []
]]></system-out>
  </testcase>
  <testcase name="createOrder" classname="be.vives.ti.barnespizza.controller.OrderControllerTest" time="0.069">
    <system-out><![CDATA[
MockHttpServletRequest:
      HTTP Method = POST
      Request URI = /order/create
       Parameters = {}
          Headers = [Content-Type:"application/json;charset=UTF-8", Content-Length:"132"]
             Body = {"accountId":1,"pizzas":[{"pizzaId":1,"pizzaSize":"large","amount":2}],"beverages":[{"beverageId":1,"amount":2}],"address":"Straat"}
    Session Attrs = {}

Handler:
             Type = be.vives.ti.barnespizza.controller.OrderController
           Method = be.vives.ti.barnespizza.controller.OrderController#createOrder(OrderCreateRequest)

Async:
    Async started = false
     Async result = null

Resolved Exception:
             Type = null

ModelAndView:
        View name = null
             View = null
            Model = null

FlashMap:
       Attributes = null

MockHttpServletResponse:
           Status = 201
    Error message = null
          Headers = [Vary:"Origin", "Access-Control-Request-Method", "Access-Control-Request-Headers", Content-Type:"application/json"]
     Content type = application/json
             Body = {"id":null,"account":{"id":1,"email":"user1","password":"password1","fname":"Bryan","name":"Kesteloot","address":"Straat","phone":"047123456"},"pizzaOrderItems":[{"id":1,"name":"Hawaii","price":10.0,"size":"LARGE","description":"tomato sauce, mozzarella, pineaplle, ham","amount":2}],"beverageOrderItems":[{"id":1,"name":"Cola","price":2.5,"amount":2}],"orderTime":"2023-12-24T00:11:45.101+00:00","address":"Straat","totalPrice":25.0}
    Forwarded URL = null
   Redirected URL = null
          Cookies = []
]]></system-out>
  </testcase>
  <testcase name="getOrderById" classname="be.vives.ti.barnespizza.controller.OrderControllerTest" time="0.008">
    <system-out><![CDATA[
MockHttpServletRequest:
      HTTP Method = GET
      Request URI = /order/id/1
       Parameters = {}
          Headers = [Content-Type:"application/json;charset=UTF-8"]
             Body = null
    Session Attrs = {}

Handler:
             Type = be.vives.ti.barnespizza.controller.OrderController
           Method = be.vives.ti.barnespizza.controller.OrderController#getOrderById(int)

Async:
    Async started = false
     Async result = null

Resolved Exception:
             Type = null

ModelAndView:
        View name = null
             View = null
            Model = null

FlashMap:
       Attributes = null

MockHttpServletResponse:
           Status = 200
    Error message = null
          Headers = [Vary:"Origin", "Access-Control-Request-Method", "Access-Control-Request-Headers", Content-Type:"application/json"]
     Content type = application/json
             Body = {"id":1,"account":{"id":1,"email":"user1","password":"password1","fname":"Bryan","name":"Kesteloot","address":"Straat","phone":"047123456"},"pizzaOrderItems":[{"id":1,"name":"Hawaii","price":10.0,"size":"LARGE","description":"tomato sauce, mozzarella, pineaplle, ham","amount":2}],"beverageOrderItems":[{"id":1,"name":"Cola","price":2.5,"amount":2}],"orderTime":"3921-06-01T10:00:00.000+00:00","address":"Straat","totalPrice":20.0}
    Forwarded URL = null
   Redirected URL = null
          Cookies = []
]]></system-out>
  </testcase>
  <testcase name="createMultipleOrders" classname="be.vives.ti.barnespizza.controller.OrderControllerTest" time="0.015">
    <system-out><![CDATA[
MockHttpServletRequest:
      HTTP Method = POST
      Request URI = /order/create
       Parameters = {}
          Headers = [Content-Type:"application/json;charset=UTF-8", Content-Length:"132"]
             Body = {"accountId":1,"pizzas":[{"pizzaId":1,"pizzaSize":"large","amount":2}],"beverages":[{"beverageId":1,"amount":2}],"address":"Straat"}
    Session Attrs = {}

Handler:
             Type = be.vives.ti.barnespizza.controller.OrderController
           Method = be.vives.ti.barnespizza.controller.OrderController#createOrder(OrderCreateRequest)

Async:
    Async started = false
     Async result = null

Resolved Exception:
             Type = null

ModelAndView:
        View name = null
             View = null
            Model = null

FlashMap:
       Attributes = null

MockHttpServletResponse:
           Status = 201
    Error message = null
          Headers = [Vary:"Origin", "Access-Control-Request-Method", "Access-Control-Request-Headers", Content-Type:"application/json"]
     Content type = application/json
             Body = {"id":null,"account":{"id":1,"email":"user1","password":"password1","fname":"Bryan","name":"Kesteloot","address":"Straat","phone":"047123456"},"pizzaOrderItems":[{"id":1,"name":"Hawaii","price":10.0,"size":"LARGE","description":"tomato sauce, mozzarella, pineaplle, ham","amount":2}],"beverageOrderItems":[{"id":1,"name":"Cola","price":2.5,"amount":2}],"orderTime":"2023-12-24T00:11:45.148+00:00","address":"Straat","totalPrice":25.0}
    Forwarded URL = null
   Redirected URL = null
          Cookies = []

MockHttpServletRequest:
      HTTP Method = POST
      Request URI = /order/create
       Parameters = {}
          Headers = [Content-Type:"application/json;charset=UTF-8", Content-Length:"107"]
             Body = {"accountId":2,"pizzas":[{"pizzaId":1,"pizzaSize":"small","amount":1}],"beverages":null,"address":"Straat"}
    Session Attrs = {}

Handler:
             Type = be.vives.ti.barnespizza.controller.OrderController
           Method = be.vives.ti.barnespizza.controller.OrderController#createOrder(OrderCreateRequest)

Async:
    Async started = false
     Async result = null

Resolved Exception:
             Type = null

ModelAndView:
        View name = null
             View = null
            Model = null

FlashMap:
       Attributes = null

MockHttpServletResponse:
           Status = 201
    Error message = null
          Headers = [Vary:"Origin", "Access-Control-Request-Method", "Access-Control-Request-Headers", Content-Type:"application/json"]
     Content type = application/json
             Body = {"id":null,"account":{"id":2,"email":"user2","password":"password2","fname":"Jos","name":"Dammen","address":"Straat","phone":"047123456"},"pizzaOrderItems":[{"id":1,"name":"Hawaii","price":10.0,"size":"SMALL","description":"tomato sauce, mozzarella, pineaplle, ham","amount":1}],"beverageOrderItems":[],"orderTime":"2023-12-24T00:11:45.152+00:00","address":"Straat","totalPrice":10.0}
    Forwarded URL = null
   Redirected URL = null
          Cookies = []
]]></system-out>
  </testcase>
  <testcase name="getOrderByAccountId" classname="be.vives.ti.barnespizza.controller.OrderControllerTest" time="0.01">
    <system-out><![CDATA[
MockHttpServletRequest:
      HTTP Method = GET
      Request URI = /order/account/1
       Parameters = {}
          Headers = [Content-Type:"application/json;charset=UTF-8"]
             Body = null
    Session Attrs = {}

Handler:
             Type = be.vives.ti.barnespizza.controller.OrderController
           Method = be.vives.ti.barnespizza.controller.OrderController#getOrdersByAccountId(int)

Async:
    Async started = false
     Async result = null

Resolved Exception:
             Type = null

ModelAndView:
        View name = null
             View = null
            Model = null

FlashMap:
       Attributes = null

MockHttpServletResponse:
           Status = 200
    Error message = null
          Headers = [Vary:"Origin", "Access-Control-Request-Method", "Access-Control-Request-Headers", Content-Type:"application/json"]
     Content type = application/json
             Body = [{"id":1,"account":{"id":1,"email":"user1","password":"password1","fname":"Bryan","name":"Kesteloot","address":"Straat","phone":"047123456"},"pizzaOrderItems":[{"id":1,"name":"Hawaii","price":10.0,"size":"LARGE","description":"tomato sauce, mozzarella, pineaplle, ham","amount":2}],"beverageOrderItems":[{"id":1,"name":"Cola","price":2.5,"amount":2}],"orderTime":"3921-06-01T10:00:00.000+00:00","address":"Straat","totalPrice":20.0}]
    Forwarded URL = null
   Redirected URL = null
          Cookies = []
]]></system-out>
  </testcase>
  <testcase name="createOrderNoPizza" classname="be.vives.ti.barnespizza.controller.OrderControllerTest" time="0.014">
    <system-out><![CDATA[
MockHttpServletRequest:
      HTTP Method = POST
      Request URI = /order/create
       Parameters = {}
          Headers = [Content-Type:"application/json;charset=UTF-8", Content-Length:"90"]
             Body = {"accountId":1,"pizzas":null,"beverages":[{"beverageId":1,"amount":2}],"address":"Straat"}
    Session Attrs = {}

Handler:
             Type = be.vives.ti.barnespizza.controller.OrderController
           Method = be.vives.ti.barnespizza.controller.OrderController#createOrder(OrderCreateRequest)

Async:
    Async started = false
     Async result = null

Resolved Exception:
             Type = null

ModelAndView:
        View name = null
             View = null
            Model = null

FlashMap:
       Attributes = null

MockHttpServletResponse:
           Status = 201
    Error message = null
          Headers = [Vary:"Origin", "Access-Control-Request-Method", "Access-Control-Request-Headers", Content-Type:"application/json"]
     Content type = application/json
             Body = {"id":null,"account":{"id":1,"email":"user1","password":"password1","fname":"Bryan","name":"Kesteloot","address":"Straat","phone":"047123456"},"pizzaOrderItems":[],"beverageOrderItems":[{"id":1,"name":"Cola","price":2.5,"amount":2}],"orderTime":"2023-12-24T00:11:45.181+00:00","address":"Straat","totalPrice":5.0}
    Forwarded URL = null
   Redirected URL = null
          Cookies = []
]]></system-out>
  </testcase>
  <testcase name="createOrderNoBeverage" classname="be.vives.ti.barnespizza.controller.OrderControllerTest" time="0.012">
    <system-out><![CDATA[
MockHttpServletRequest:
      HTTP Method = POST
      Request URI = /order/create
       Parameters = {}
          Headers = [Content-Type:"application/json;charset=UTF-8", Content-Length:"107"]
             Body = {"accountId":1,"pizzas":[{"pizzaId":1,"pizzaSize":"large","amount":2}],"beverages":null,"address":"Straat"}
    Session Attrs = {}

Handler:
             Type = be.vives.ti.barnespizza.controller.OrderController
           Method = be.vives.ti.barnespizza.controller.OrderController#createOrder(OrderCreateRequest)

Async:
    Async started = false
     Async result = null

Resolved Exception:
             Type = null

ModelAndView:
        View name = null
             View = null
            Model = null

FlashMap:
       Attributes = null

MockHttpServletResponse:
           Status = 201
    Error message = null
          Headers = [Vary:"Origin", "Access-Control-Request-Method", "Access-Control-Request-Headers", Content-Type:"application/json"]
     Content type = application/json
             Body = {"id":null,"account":{"id":1,"email":"user1","password":"password1","fname":"Bryan","name":"Kesteloot","address":"Straat","phone":"047123456"},"pizzaOrderItems":[{"id":1,"name":"Hawaii","price":10.0,"size":"LARGE","description":"tomato sauce, mozzarella, pineaplle, ham","amount":2}],"beverageOrderItems":[],"orderTime":"2023-12-24T00:11:45.198+00:00","address":"Straat","totalPrice":20.0}
    Forwarded URL = null
   Redirected URL = null
          Cookies = []
]]></system-out>
  </testcase>
  <testcase name="getOrderByAccountIdNotFound" classname="be.vives.ti.barnespizza.controller.OrderControllerTest" time="0.009">
    <system-out><![CDATA[
MockHttpServletRequest:
      HTTP Method = GET
      Request URI = /order/account/1
       Parameters = {}
          Headers = [Content-Type:"application/json;charset=UTF-8"]
             Body = null
    Session Attrs = {}

Handler:
             Type = be.vives.ti.barnespizza.controller.OrderController
           Method = be.vives.ti.barnespizza.controller.OrderController#getOrdersByAccountId(int)

Async:
    Async started = false
     Async result = null

Resolved Exception:
             Type = null

ModelAndView:
        View name = null
             View = null
            Model = null

FlashMap:
       Attributes = null

MockHttpServletResponse:
           Status = 404
    Error message = null
          Headers = [Vary:"Origin", "Access-Control-Request-Method", "Access-Control-Request-Headers"]
     Content type = null
             Body = 
    Forwarded URL = null
   Redirected URL = null
          Cookies = []
]]></system-out>
  </testcase>
  <testcase name="createOrderNoPizzaNoBeverage" classname="be.vives.ti.barnespizza.controller.OrderControllerTest" time="0.009">
    <system-out><![CDATA[
MockHttpServletRequest:
      HTTP Method = POST
      Request URI = /order/create
       Parameters = {}
          Headers = [Content-Type:"application/json;charset=UTF-8", Content-Length:"65"]
             Body = {"accountId":1,"pizzas":null,"beverages":null,"address":"Straat"}
    Session Attrs = {}

Handler:
             Type = be.vives.ti.barnespizza.controller.OrderController
           Method = be.vives.ti.barnespizza.controller.OrderController#createOrder(OrderCreateRequest)

Async:
    Async started = false
     Async result = null

Resolved Exception:
             Type = null

ModelAndView:
        View name = null
             View = null
            Model = null

FlashMap:
       Attributes = null

MockHttpServletResponse:
           Status = 400
    Error message = null
          Headers = [Vary:"Origin", "Access-Control-Request-Method", "Access-Control-Request-Headers"]
     Content type = null
             Body = 
    Forwarded URL = null
   Redirected URL = null
          Cookies = []
]]></system-out>
  </testcase>
  <testcase name="getOrderByIdNotFound" classname="be.vives.ti.barnespizza.controller.OrderControllerTest" time="0.008">
    <system-out><![CDATA[
MockHttpServletRequest:
      HTTP Method = GET
      Request URI = /order/id/1
       Parameters = {}
          Headers = [Content-Type:"application/json;charset=UTF-8"]
             Body = null
    Session Attrs = {}

Handler:
             Type = be.vives.ti.barnespizza.controller.OrderController
           Method = be.vives.ti.barnespizza.controller.OrderController#getOrderById(int)

Async:
    Async started = false
     Async result = null

Resolved Exception:
             Type = null

ModelAndView:
        View name = null
             View = null
            Model = null

FlashMap:
       Attributes = null

MockHttpServletResponse:
           Status = 404
    Error message = null
          Headers = [Vary:"Origin", "Access-Control-Request-Method", "Access-Control-Request-Headers"]
     Content type = null
             Body = 
    Forwarded URL = null
   Redirected URL = null
          Cookies = []
]]></system-out>
  </testcase>
  <testcase name="createOrderNoPizzaSize" classname="be.vives.ti.barnespizza.controller.OrderControllerTest" time="0.011">
    <system-out><![CDATA[
MockHttpServletRequest:
      HTTP Method = POST
      Request URI = /order/create
       Parameters = {}
          Headers = [Content-Type:"application/json;charset=UTF-8", Content-Length:"61"]
             Body = {"accountId":1,"pizzas":null,"beverages":null,"address":null}
    Session Attrs = {}

Handler:
             Type = be.vives.ti.barnespizza.controller.OrderController
           Method = be.vives.ti.barnespizza.controller.OrderController#createOrder(OrderCreateRequest)

Async:
    Async started = false
     Async result = null

Resolved Exception:
             Type = null

ModelAndView:
        View name = null
             View = null
            Model = null

FlashMap:
       Attributes = null

MockHttpServletResponse:
           Status = 400
    Error message = null
          Headers = [Vary:"Origin", "Access-Control-Request-Method", "Access-Control-Request-Headers"]
     Content type = null
             Body = 
    Forwarded URL = null
   Redirected URL = null
          Cookies = []
]]></system-out>
  </testcase>
</testsuite>